2025-09-10 22:14:06.819 +03:00 [INF] Старт новой игры для 3 игроков
2025-09-10 22:14:06.889 +03:00 [INF] Сохранение игры
2025-09-10 22:14:08.067 +03:00 [INF] Игра успешно инициализирована
2025-09-10 22:15:27.085 +03:00 [INF] Игрок Катя делает ход: берет карту из Deck (card_id=1, discard="Discard2")
2025-09-10 22:15:27.106 +03:00 [INF] Карта "Fish", "Black" успешно взята из "Deck"
2025-09-10 22:15:27.106 +03:00 [INF] Карта "Fish", "Black" успешно добавлена в "Discard2"
2025-09-10 22:15:27.107 +03:00 [INF] Карта "Swimmer", "Yellow" успешно взята из "Deck"
2025-09-10 22:15:27.108 +03:00 [INF] Карта "Swimmer", "Yellow" успешно добавлена в руку игрока Катя
2025-09-10 22:15:27.109 +03:00 [INF] Сохранение игры
2025-09-10 22:15:27.452 +03:00 [INF] Действие хода игрока Катя завершено
2025-09-10 22:15:38.661 +03:00 [INF] Игрок Катя завершает ход и передает его следующему игроку
2025-09-10 22:15:38.672 +03:00 [INF] Сохранение игры
2025-09-10 22:15:50.323 +03:00 [INF] Игрок Аля делает ход: берет карту из Deck (card_id=0, discard="Discard1")
2025-09-10 22:15:50.324 +03:00 [INF] Карта "Crab", "Black" успешно взята из "Deck"
2025-09-10 22:15:50.332 +03:00 [INF] Карта "Crab", "Black" успешно добавлена в руку игрока Аля
2025-09-10 22:15:50.332 +03:00 [INF] Карта "Fish", "Green" успешно взята из "Deck"
2025-09-10 22:15:50.332 +03:00 [INF] Карта "Fish", "Green" успешно добавлена в "Discard1"
2025-09-10 22:15:50.333 +03:00 [INF] Сохранение игры
2025-09-10 22:15:50.360 +03:00 [INF] Действие хода игрока Аля завершено
2025-09-10 22:15:52.052 +03:00 [INF] Игрок Аля завершает ход и передает его следующему игроку
2025-09-10 22:15:52.075 +03:00 [INF] Сохранение игры
2025-09-10 22:15:57.837 +03:00 [INF] Игрок Саша делает ход: берет карту из Discard2 (card_id=0, discard="Deck")
2025-09-10 22:15:57.838 +03:00 [INF] Карта "Fish", "Black" успешно взята из "Discard2"
2025-09-10 22:15:57.838 +03:00 [INF] Карта "Fish", "Black" успешно добавлена в руку игрока Саша
2025-09-10 22:15:57.838 +03:00 [INF] Сохранение игры
2025-09-10 22:15:57.868 +03:00 [INF] Действие хода игрока Саша завершено
2025-09-10 22:15:59.912 +03:00 [INF] Игрок Саша завершает ход и передает его следующему игроку
2025-09-10 22:15:59.912 +03:00 [INF] Сохранение игры
2025-09-10 22:16:08.821 +03:00 [INF] Игрок Катя делает ход: берет карту из Deck (card_id=0, discard="Discard2")
2025-09-10 22:16:08.821 +03:00 [INF] Карта "Shark", "Purple" успешно взята из "Deck"
2025-09-10 22:16:08.822 +03:00 [INF] Карта "Shark", "Purple" успешно добавлена в руку игрока Катя
2025-09-10 22:16:08.822 +03:00 [INF] Карта "Crab", "Blue" успешно взята из "Deck"
2025-09-10 22:16:08.822 +03:00 [INF] Карта "Crab", "Blue" успешно добавлена в "Discard2"
2025-09-10 22:16:08.822 +03:00 [INF] Сохранение игры
2025-09-10 22:16:08.846 +03:00 [INF] Действие хода игрока Катя завершено
2025-09-10 22:16:21.722 +03:00 [INF] Игрок Катя играет карты "Swimmer", "Yellow" и "Shark", "Purple"
2025-09-10 22:16:21.728 +03:00 [INF] Карта "Crab", "Black" взята из руки игрока Аля
2025-09-10 22:16:21.728 +03:00 [INF] Карта "Crab", "Black" успешно добавлена в руку игрока Катя
2025-09-10 22:16:21.730 +03:00 [INF] Карта "Shark", "Purple" успешно перемещена из руки игрока Катя в сыгранные им карты на столе
2025-09-10 22:16:21.730 +03:00 [INF] Карта "Swimmer", "Yellow" успешно перемещена из руки игрока Катя в сыгранные им карты на столе
2025-09-10 22:16:21.730 +03:00 [INF] Сохранение игры
2025-09-10 22:16:21.750 +03:00 [INF] Розыгрыш карт игроком Катя успешно закончен
2025-09-10 22:16:30.945 +03:00 [INF] Игрок Катя завершает ход и передает его следующему игроку
2025-09-10 22:16:30.945 +03:00 [INF] Сохранение игры
2025-09-10 22:16:47.943 +03:00 [INF] Игрок Аля делает ход: берет карту из Deck (card_id=1, discard="Discard2")
2025-09-10 22:16:47.944 +03:00 [INF] Карта "Swimmer", "Teal" успешно взята из "Deck"
2025-09-10 22:16:47.944 +03:00 [INF] Карта "Swimmer", "Teal" успешно добавлена в "Discard2"
2025-09-10 22:16:47.944 +03:00 [INF] Карта "Shell", "Green" успешно взята из "Deck"
2025-09-10 22:16:47.944 +03:00 [INF] Карта "Shell", "Green" успешно добавлена в руку игрока Аля
2025-09-10 22:16:47.944 +03:00 [INF] Сохранение игры
2025-09-10 22:16:47.976 +03:00 [INF] Действие хода игрока Аля завершено
2025-09-10 22:17:08.496 +03:00 [INF] Игрок Аля завершает ход и передает его следующему игроку
2025-09-10 22:17:08.496 +03:00 [INF] Сохранение игры
2025-09-10 22:17:09.882 +03:00 [INF] Игра завершается, начинается определение результатов партии
2025-09-10 22:17:09.901 +03:00 [INF] Игра окончена: по желанию игрока Саша
