2025-09-12 00:28:58.610 +03:00 [INF] Старт новой игры для 2 игроков
2025-09-12 00:28:58.683 +03:00 [INF] Сохранение игры
2025-09-12 00:28:59.359 +03:00 [INF] Игра успешно инициализирована
2025-09-12 00:30:52.421 +03:00 [INF] Старт новой игры для 2 игроков
2025-09-12 00:30:52.476 +03:00 [INF] Сохранение игры
2025-09-12 00:30:53.209 +03:00 [INF] Игра успешно инициализирована
2025-09-12 14:16:49.786 +03:00 [INF] Старт новой игры для 3 игроков
2025-09-12 14:16:49.833 +03:00 [INF] Сохранение игры
2025-09-12 14:16:50.339 +03:00 [INF] Игра успешно инициализирована
2025-09-12 14:23:25.080 +03:00 [INF] Загрузка сохраненной игры
2025-09-12 14:23:25.220 +03:00 [INF] Загрузка данных об игре
2025-09-12 14:25:42.763 +03:00 [INF] Загрузка сохраненной игры
2025-09-12 14:25:42.802 +03:00 [INF] Загрузка данных об игре
2025-09-12 14:27:31.204 +03:00 [INF] Загрузка сохраненной игры
2025-09-12 14:27:31.312 +03:00 [INF] Загрузка данных об игре
2025-09-12 14:28:09.519 +03:00 [INF] Старт новой игры для 3 игроков
2025-09-12 14:28:09.569 +03:00 [INF] Сохранение игры
2025-09-12 14:28:10.359 +03:00 [INF] Игра успешно инициализирована
2025-09-12 14:28:23.366 +03:00 [INF] Игрок ф завершает ход и передает его следующему игроку
2025-09-12 14:28:23.366 +03:00 [INF] Сохранение игры
2025-09-12 14:28:30.173 +03:00 [INF] Игрок б завершает ход и передает его следующему игроку
2025-09-12 14:28:30.173 +03:00 [INF] Сохранение игры
2025-09-12 14:28:30.849 +03:00 [INF] Игрок в делает ход: берет карту из Discard2 (card_id=0, discard="Deck")
2025-09-12 14:28:33.517 +03:00 [INF] Игрок в завершает ход и передает его следующему игроку
2025-09-12 14:28:33.517 +03:00 [INF] Сохранение игры
2025-09-12 14:29:40.065 +03:00 [INF] Старт новой игры для 3 игроков
2025-09-12 14:29:40.116 +03:00 [INF] Сохранение игры
2025-09-12 14:29:40.626 +03:00 [INF] Игра успешно инициализирована
2025-09-12 14:29:51.901 +03:00 [INF] Игрок a делает ход: берет карту из Deck (card_id=0, discard="Discard1")
2025-09-12 14:29:51.905 +03:00 [INF] Карта "Fish", "Green" успешно взята из "Deck"
2025-09-12 14:29:51.906 +03:00 [INF] Карта "Fish", "Green" успешно добавлена в руку игрока a
2025-09-12 14:29:51.906 +03:00 [INF] Карта "Crab", "Gray" успешно взята из "Deck"
2025-09-12 14:29:51.906 +03:00 [INF] Карта "Crab", "Gray" успешно добавлена в "Discard1"
2025-09-12 14:29:51.906 +03:00 [INF] Сохранение игры
2025-09-12 14:29:51.970 +03:00 [INF] Действие хода игрока a завершено
2025-09-12 14:29:53.474 +03:00 [INF] Игрок a завершает ход и передает его следующему игроку
2025-09-12 14:29:53.474 +03:00 [INF] Сохранение игры
2025-09-12 14:30:01.060 +03:00 [INF] Игрок b делает ход: берет карту из Deck (card_id=0, discard="Discard2")
2025-09-12 14:30:01.060 +03:00 [INF] Карта "Shell", "Yellow" успешно взята из "Deck"
2025-09-12 14:30:01.060 +03:00 [INF] Карта "Shell", "Yellow" успешно добавлена в руку игрока b
2025-09-12 14:30:01.060 +03:00 [INF] Карта "Swimmer", "Black" успешно взята из "Deck"
2025-09-12 14:30:01.060 +03:00 [INF] Карта "Swimmer", "Black" успешно добавлена в "Discard2"
2025-09-12 14:30:01.060 +03:00 [INF] Сохранение игры
2025-09-12 14:30:01.092 +03:00 [INF] Действие хода игрока b завершено
2025-09-12 14:30:02.566 +03:00 [INF] Игрок b завершает ход и передает его следующему игроку
2025-09-12 14:30:02.566 +03:00 [INF] Сохранение игры
2025-09-12 14:30:07.559 +03:00 [INF] Игрок c делает ход: берет карту из Deck (card_id=1, discard="Discard2")
2025-09-12 14:30:07.559 +03:00 [INF] Карта "Fish", "Blue" успешно взята из "Deck"
2025-09-12 14:30:07.559 +03:00 [INF] Карта "Fish", "Blue" успешно добавлена в "Discard2"
2025-09-12 14:30:07.559 +03:00 [INF] Карта "Octopus", "Yellow" успешно взята из "Deck"
2025-09-12 14:30:07.559 +03:00 [INF] Карта "Octopus", "Yellow" успешно добавлена в руку игрока c
2025-09-12 14:30:07.559 +03:00 [INF] Сохранение игры
2025-09-12 14:30:07.575 +03:00 [INF] Действие хода игрока c завершено
2025-09-12 14:30:08.414 +03:00 [INF] Игрок c завершает ход и передает его следующему игроку
2025-09-12 14:30:08.414 +03:00 [INF] Сохранение игры
2025-09-12 14:30:17.996 +03:00 [INF] Игрок a делает ход: берет карту из Deck (card_id=0, discard="Discard2")
2025-09-12 14:30:18.009 +03:00 [INF] Карта "FishMult", "Gray" успешно взята из "Deck"
2025-09-12 14:30:18.009 +03:00 [INF] Карта "FishMult", "Gray" успешно добавлена в руку игрока a
2025-09-12 14:30:18.010 +03:00 [INF] Карта "Shark", "Purple" успешно взята из "Deck"
2025-09-12 14:30:18.010 +03:00 [INF] Карта "Shark", "Purple" успешно добавлена в "Discard2"
2025-09-12 14:30:18.010 +03:00 [INF] Сохранение игры
2025-09-12 14:30:18.032 +03:00 [INF] Действие хода игрока a завершено
2025-09-12 14:30:19.584 +03:00 [INF] Игрок a завершает ход и передает его следующему игроку
2025-09-12 14:30:19.584 +03:00 [INF] Сохранение игры
2025-09-12 16:48:07.890 +03:00 [INF] Старт новой игры для 3 игроков
2025-09-12 16:48:07.955 +03:00 [INF] Сохранение игры
2025-09-12 16:48:08.725 +03:00 [INF] Игра успешно инициализирована
2025-09-12 16:48:18.419 +03:00 [INF] Игрок aaaa делает ход: берет карту из Deck (card_id=1, discard="Discard1")
2025-09-12 16:48:18.423 +03:00 [INF] Карта "Fish", "Black" успешно взята из "Deck"
2025-09-12 16:48:18.424 +03:00 [INF] Карта "Fish", "Black" успешно добавлена в "Discard1"
2025-09-12 16:48:18.424 +03:00 [INF] Карта "Swimmer", "Teal" успешно взята из "Deck"
2025-09-12 16:48:18.425 +03:00 [INF] Карта "Swimmer", "Teal" успешно добавлена в руку игрока aaaa
2025-09-12 16:48:18.425 +03:00 [INF] Сохранение игры
2025-09-12 16:48:18.493 +03:00 [INF] Действие хода игрока aaaa завершено
2025-09-12 16:48:21.436 +03:00 [INF] Игрок aaaa завершает ход и передает его следующему игроку
2025-09-12 16:48:21.436 +03:00 [INF] Сохранение игры
2025-09-12 16:48:37.069 +03:00 [INF] Игрок bbbb делает ход: берет карту из Discard1 (card_id=0, discard="Deck")
2025-09-12 16:48:37.069 +03:00 [INF] Карта "Fish", "Black" успешно взята из "Discard1"
2025-09-12 16:48:37.069 +03:00 [INF] Карта "Fish", "Black" успешно добавлена в руку игрока bbbb
2025-09-12 16:48:37.069 +03:00 [INF] Сохранение игры
2025-09-12 16:48:37.105 +03:00 [INF] Действие хода игрока bbbb завершено
2025-09-12 16:48:39.362 +03:00 [INF] Игрок bbbb завершает ход и передает его следующему игроку
2025-09-12 16:48:39.364 +03:00 [INF] Сохранение игры
2025-09-12 16:48:45.486 +03:00 [INF] Игрок cccc делает ход: берет карту из Deck (card_id=0, discard="Discard1")
2025-09-12 16:48:45.487 +03:00 [INF] Карта "Boat", "Yellow" успешно взята из "Deck"
2025-09-12 16:48:45.487 +03:00 [INF] Карта "Boat", "Yellow" успешно добавлена в руку игрока cccc
2025-09-12 16:48:45.487 +03:00 [INF] Карта "Fish", "Yellow" успешно взята из "Deck"
2025-09-12 16:48:45.487 +03:00 [INF] Карта "Fish", "Yellow" успешно добавлена в "Discard1"
2025-09-12 16:48:45.487 +03:00 [INF] Сохранение игры
2025-09-12 16:48:45.524 +03:00 [INF] Действие хода игрока cccc завершено
2025-09-12 16:48:46.499 +03:00 [INF] Игрок cccc завершает ход и передает его следующему игроку
2025-09-12 16:48:46.499 +03:00 [INF] Сохранение игры
2025-09-12 16:50:36.735 +03:00 [INF] Загрузка сохраненной игры
2025-09-12 16:50:36.803 +03:00 [INF] Загрузка данных об игре
2025-09-12 16:50:59.380 +03:00 [INF] Игрок aaaa делает ход: берет карту из Deck (card_id=1, discard="Discard2")
2025-09-12 16:50:59.386 +03:00 [INF] Карта "Swimmer", "Peach" успешно взята из "Deck"
2025-09-12 16:50:59.387 +03:00 [INF] Карта "Swimmer", "Peach" успешно добавлена в "Discard2"
2025-09-12 16:50:59.387 +03:00 [INF] Карта "Boat", "Yellow" успешно взята из "Deck"
2025-09-12 16:50:59.387 +03:00 [INF] Карта "Boat", "Yellow" успешно добавлена в руку игрока aaaa
2025-09-12 16:50:59.387 +03:00 [INF] Сохранение игры
2025-09-12 16:50:59.699 +03:00 [INF] Действие хода игрока aaaa завершено
2025-09-12 16:51:00.817 +03:00 [INF] Игрок aaaa завершает ход и передает его следующему игроку
2025-09-12 16:51:00.817 +03:00 [INF] Сохранение игры
2025-09-12 16:51:03.620 +03:00 [INF] Игрок bbbb делает ход: берет карту из Discard1 (card_id=0, discard="Deck")
2025-09-12 16:51:03.621 +03:00 [INF] Карта "Fish", "Yellow" успешно взята из "Discard1"
2025-09-12 16:51:03.621 +03:00 [INF] Карта "Fish", "Yellow" успешно добавлена в руку игрока bbbb
2025-09-12 16:51:03.621 +03:00 [INF] Сохранение игры
2025-09-12 16:51:03.654 +03:00 [INF] Действие хода игрока bbbb завершено
2025-09-12 16:53:00.940 +03:00 [INF] Загрузка сохраненной игры
2025-09-12 16:53:01.063 +03:00 [INF] Загрузка данных об игре
2025-09-12 16:54:38.802 +03:00 [INF] Загрузка сохраненной игры
2025-09-12 16:54:38.860 +03:00 [INF] Загрузка данных об игре
2025-09-12 16:55:25.002 +03:00 [INF] Загрузка сохраненной игры
2025-09-12 16:55:25.109 +03:00 [INF] Загрузка данных об игре
2025-09-12 16:55:32.563 +03:00 [INF] Игрок bbbb играет карты "Fish", "Black" и "Fish", "Yellow"
2025-09-12 16:55:32.591 +03:00 [INF] Карта "Octopus", "Yellow" успешно взята из "Deck"
2025-09-12 16:55:32.592 +03:00 [INF] Карта "Octopus", "Yellow" успешно добавлена в руку игрока bbbb
2025-09-12 16:55:32.593 +03:00 [INF] Карта "Fish", "Yellow" успешно перемещена из руки игрока bbbb в сыгранные им карты на столе
2025-09-12 16:55:32.593 +03:00 [INF] Карта "Fish", "Black" успешно перемещена из руки игрока bbbb в сыгранные им карты на столе
2025-09-12 16:55:32.593 +03:00 [INF] Сохранение игры
2025-09-12 16:55:32.883 +03:00 [INF] Розыгрыш карт игроком bbbb успешно закончен
2025-09-12 16:55:47.401 +03:00 [INF] Игрок bbbb делает ход: берет карту из Deck (card_id=0, discard="Discard1")
2025-09-12 16:55:47.402 +03:00 [INF] Карта "Crab", "Black" успешно взята из "Deck"
2025-09-12 16:55:47.402 +03:00 [INF] Карта "Crab", "Black" успешно добавлена в руку игрока bbbb
2025-09-12 16:55:47.402 +03:00 [INF] Карта "Boat", "Black" успешно взята из "Deck"
2025-09-12 16:55:47.402 +03:00 [INF] Карта "Boat", "Black" успешно добавлена в "Discard1"
2025-09-12 16:55:47.402 +03:00 [INF] Сохранение игры
2025-09-12 16:55:47.464 +03:00 [INF] Действие хода игрока bbbb завершено
2025-09-12 16:55:51.470 +03:00 [INF] Игрок bbbb завершает ход и передает его следующему игроку
2025-09-12 16:55:51.471 +03:00 [INF] Сохранение игры
2025-09-12 16:55:56.465 +03:00 [INF] Игрок cccc делает ход: берет карту из Discard1 (card_id=0, discard="Deck")
2025-09-12 16:55:56.466 +03:00 [INF] Карта "Boat", "Black" успешно взята из "Discard1"
2025-09-12 16:55:56.466 +03:00 [INF] Карта "Boat", "Black" успешно добавлена в руку игрока cccc
2025-09-12 16:55:56.466 +03:00 [INF] Сохранение игры
2025-09-12 16:55:56.493 +03:00 [INF] Действие хода игрока cccc завершено
2025-09-12 16:56:25.951 +03:00 [INF] Игрок cccc играет карты "Boat", "Yellow" и "Boat", "Black"
2025-09-12 16:56:25.952 +03:00 [INF] Карта "Octopus", "Purple" успешно взята из "Deck"
2025-09-12 16:56:25.952 +03:00 [INF] Карта "Octopus", "Purple" успешно добавлена в "Discard1"
2025-09-12 16:56:25.952 +03:00 [INF] Карта "BoatMult", "Purple" успешно взята из "Deck"
2025-09-12 16:56:25.952 +03:00 [INF] Карта "BoatMult", "Purple" успешно добавлена в руку игрока cccc
2025-09-12 16:56:25.953 +03:00 [INF] Карта "Boat", "Black" успешно перемещена из руки игрока cccc в сыгранные им карты на столе
2025-09-12 16:56:25.953 +03:00 [INF] Карта "Boat", "Yellow" успешно перемещена из руки игрока cccc в сыгранные им карты на столе
2025-09-12 16:56:25.953 +03:00 [INF] Сохранение игры
2025-09-12 16:56:26.017 +03:00 [INF] Розыгрыш карт игроком cccc успешно закончен
2025-09-12 16:58:08.089 +03:00 [INF] Загрузка сохраненной игры
2025-09-12 16:58:08.138 +03:00 [INF] Загрузка данных об игре
2025-09-12 16:58:26.392 +03:00 [INF] Игрок cccc делает ход: берет карту из Deck (card_id=1, discard="Discard1")
2025-09-12 16:58:26.397 +03:00 [INF] Карта "Fish", "Green" успешно взята из "Deck"
2025-09-12 16:58:26.397 +03:00 [INF] Карта "Fish", "Green" успешно добавлена в "Discard1"
2025-09-12 16:58:26.397 +03:00 [INF] Карта "Shark", "Green" успешно взята из "Deck"
2025-09-12 16:58:26.398 +03:00 [INF] Карта "Shark", "Green" успешно добавлена в руку игрока cccc
2025-09-12 16:58:26.398 +03:00 [INF] Сохранение игры
2025-09-12 16:58:26.706 +03:00 [INF] Действие хода игрока cccc завершено
2025-09-12 16:58:28.001 +03:00 [INF] Игрок cccc завершает ход и передает его следующему игроку
2025-09-12 16:58:28.002 +03:00 [INF] Сохранение игры
2025-09-12 16:58:39.616 +03:00 [INF] Игрок aaaa делает ход: берет карту из Deck (card_id=1, discard="Discard1")
2025-09-12 16:58:39.617 +03:00 [INF] Карта "Penguin", "Peach" успешно взята из "Deck"
2025-09-12 16:58:39.617 +03:00 [INF] Карта "Penguin", "Peach" успешно добавлена в "Discard1"
2025-09-12 16:58:39.617 +03:00 [INF] Карта "Crab", "Blue" успешно взята из "Deck"
2025-09-12 16:58:39.617 +03:00 [INF] Карта "Crab", "Blue" успешно добавлена в руку игрока aaaa
2025-09-12 16:58:39.617 +03:00 [INF] Сохранение игры
2025-09-12 16:58:39.659 +03:00 [INF] Действие хода игрока aaaa завершено
2025-09-12 16:58:40.702 +03:00 [INF] Игрок aaaa завершает ход и передает его следующему игроку
2025-09-12 16:58:40.702 +03:00 [INF] Сохранение игры
2025-09-12 16:58:53.095 +03:00 [INF] Игрок bbbb делает ход: берет карту из Deck (card_id=1, discard="Discard1")
2025-09-12 16:58:53.095 +03:00 [INF] Карта "Shell", "Black" успешно взята из "Deck"
2025-09-12 16:58:53.095 +03:00 [INF] Карта "Shell", "Black" успешно добавлена в "Discard1"
2025-09-12 16:58:53.095 +03:00 [INF] Карта "Shell", "Gray" успешно взята из "Deck"
2025-09-12 16:58:53.095 +03:00 [INF] Карта "Shell", "Gray" успешно добавлена в руку игрока bbbb
2025-09-12 16:58:53.095 +03:00 [INF] Сохранение игры
2025-09-12 16:58:53.121 +03:00 [INF] Действие хода игрока bbbb завершено
2025-09-12 16:58:54.833 +03:00 [INF] Игрок bbbb завершает ход и передает его следующему игроку
2025-09-12 16:58:54.833 +03:00 [INF] Сохранение игры
2025-09-12 16:58:58.605 +03:00 [INF] Игрок cccc делает ход: берет карту из Discard2 (card_id=0, discard="Deck")
2025-09-12 16:58:58.605 +03:00 [INF] Карта "Swimmer", "Peach" успешно взята из "Discard2"
2025-09-12 16:58:58.605 +03:00 [INF] Карта "Swimmer", "Peach" успешно добавлена в руку игрока cccc
2025-09-12 16:58:58.605 +03:00 [INF] Сохранение игры
2025-09-12 16:58:58.633 +03:00 [INF] Действие хода игрока cccc завершено
2025-09-12 16:59:58.466 +03:00 [INF] Загрузка сохраненной игры
2025-09-12 16:59:58.526 +03:00 [INF] Загрузка данных об игре
2025-09-12 17:00:37.215 +03:00 [INF] Игрок cccc играет карты "Shark", "Green" и "Swimmer", "Peach"
2025-09-12 17:00:37.219 +03:00 [INF] Карта "Shell", "Gray" взята из руки игрока bbbb
2025-09-12 17:00:37.219 +03:00 [INF] Карта "Shell", "Gray" успешно добавлена в руку игрока cccc
2025-09-12 17:00:37.221 +03:00 [INF] Карта "Swimmer", "Peach" успешно перемещена из руки игрока cccc в сыгранные им карты на столе
2025-09-12 17:00:37.221 +03:00 [INF] Карта "Shark", "Green" успешно перемещена из руки игрока cccc в сыгранные им карты на столе
2025-09-12 17:00:37.221 +03:00 [INF] Сохранение игры
2025-09-12 17:00:37.533 +03:00 [INF] Розыгрыш карт игроком cccc успешно закончен
2025-09-12 17:02:30.992 +03:00 [INF] Загрузка сохраненной игры
2025-09-12 17:02:31.090 +03:00 [INF] Загрузка данных об игре
2025-09-12 17:02:41.891 +03:00 [INF] Игрок cccc делает ход: берет карту из Discard1 (card_id=0, discard="Deck")
2025-09-12 17:02:41.896 +03:00 [INF] Карта "Shell", "Black" успешно взята из "Discard1"
2025-09-12 17:02:41.897 +03:00 [INF] Карта "Shell", "Black" успешно добавлена в руку игрока cccc
2025-09-12 17:02:41.897 +03:00 [INF] Сохранение игры
2025-09-12 17:02:42.186 +03:00 [INF] Действие хода игрока cccc завершено
2025-09-12 17:02:43.074 +03:00 [INF] Игрок cccc завершает ход и передает его следующему игроку
2025-09-12 17:02:43.074 +03:00 [INF] Сохранение игры
2025-09-12 17:02:51.246 +03:00 [INF] Игра завершается, начинается определение результатов партии
2025-09-12 17:02:51.253 +03:00 [INF] Игра окончена: по желанию игрока aaaa
2025-09-12 17:03:03.049 +03:00 [INF] Старт новой игры для 2 игроков
2025-09-12 17:03:03.053 +03:00 [INF] Сохранение игры
2025-09-12 17:03:03.085 +03:00 [INF] Игра успешно инициализирована
2025-09-12 17:03:13.438 +03:00 [INF] Старт новой игры для 4 игроков
2025-09-12 17:03:13.438 +03:00 [INF] Сохранение игры
2025-09-12 17:03:13.483 +03:00 [INF] Игра успешно инициализирована
2025-09-12 17:03:32.256 +03:00 [INF] Старт новой игры для 4 игроков
2025-09-12 17:03:32.256 +03:00 [INF] Сохранение игры
2025-09-12 17:03:32.288 +03:00 [INF] Игра успешно инициализирована
2025-09-12 17:03:38.684 +03:00 [INF] Игрок first делает ход: берет карту из Deck (card_id=0, discard="Discard1")
2025-09-12 17:03:38.684 +03:00 [INF] Карта "Shell", "Blue" успешно взята из "Deck"
2025-09-12 17:03:38.684 +03:00 [INF] Карта "Shell", "Blue" успешно добавлена в руку игрока first
2025-09-12 17:03:38.684 +03:00 [INF] Карта "Shell", "Teal" успешно взята из "Deck"
2025-09-12 17:03:38.685 +03:00 [INF] Карта "Shell", "Teal" успешно добавлена в "Discard1"
2025-09-12 17:03:38.685 +03:00 [INF] Сохранение игры
2025-09-12 17:03:38.709 +03:00 [INF] Действие хода игрока first завершено
2025-09-12 17:03:40.484 +03:00 [INF] Игрок first завершает ход и передает его следующему игроку
2025-09-12 17:03:40.485 +03:00 [INF] Сохранение игры
2025-09-12 17:03:48.030 +03:00 [INF] Игрок second делает ход: берет карту из Deck (card_id=0, discard="Discard1")
2025-09-12 17:03:48.030 +03:00 [INF] Карта "Crab", "Teal" успешно взята из "Deck"
2025-09-12 17:03:48.030 +03:00 [INF] Карта "Crab", "Teal" успешно добавлена в руку игрока second
2025-09-12 17:03:48.030 +03:00 [INF] Карта "Crab", "Blue" успешно взята из "Deck"
2025-09-12 17:03:48.030 +03:00 [INF] Карта "Crab", "Blue" успешно добавлена в "Discard1"
2025-09-12 17:03:48.030 +03:00 [INF] Сохранение игры
2025-09-12 17:03:48.058 +03:00 [INF] Действие хода игрока second завершено
2025-09-12 17:03:49.514 +03:00 [INF] Игрок second завершает ход и передает его следующему игроку
2025-09-12 17:03:49.514 +03:00 [INF] Сохранение игры
2025-09-12 17:03:54.343 +03:00 [INF] Игрок third делает ход: берет карту из Deck (card_id=1, discard="Discard2")
2025-09-12 17:03:54.343 +03:00 [INF] Карта "Fish", "Black" успешно взята из "Deck"
2025-09-12 17:03:54.343 +03:00 [INF] Карта "Fish", "Black" успешно добавлена в "Discard2"
2025-09-12 17:03:54.343 +03:00 [INF] Карта "Shark", "Black" успешно взята из "Deck"
2025-09-12 17:03:54.343 +03:00 [INF] Карта "Shark", "Black" успешно добавлена в руку игрока third
2025-09-12 17:03:54.343 +03:00 [INF] Сохранение игры
2025-09-12 17:03:54.387 +03:00 [INF] Действие хода игрока third завершено
2025-09-12 17:03:56.020 +03:00 [INF] Игрок third завершает ход и передает его следующему игроку
2025-09-12 17:03:56.020 +03:00 [INF] Сохранение игры
2025-09-12 17:04:01.135 +03:00 [INF] Игрок forth делает ход: берет карту из Deck (card_id=1, discard="Discard2")
2025-09-12 17:04:01.135 +03:00 [INF] Карта "Shell", "Gray" успешно взята из "Deck"
2025-09-12 17:04:01.135 +03:00 [INF] Карта "Shell", "Gray" успешно добавлена в "Discard2"
2025-09-12 17:04:01.135 +03:00 [INF] Карта "Octopus", "Green" успешно взята из "Deck"
2025-09-12 17:04:01.135 +03:00 [INF] Карта "Octopus", "Green" успешно добавлена в руку игрока forth
2025-09-12 17:04:01.135 +03:00 [INF] Сохранение игры
2025-09-12 17:04:01.158 +03:00 [INF] Действие хода игрока forth завершено
2025-09-12 17:04:02.129 +03:00 [INF] Игрок forth завершает ход и передает его следующему игроку
2025-09-12 17:04:02.129 +03:00 [INF] Сохранение игры
2025-09-12 17:04:11.381 +03:00 [INF] Игрок first делает ход: берет карту из Deck (card_id=0, discard="Discard2")
2025-09-12 17:04:11.381 +03:00 [INF] Карта "Swimmer", "Yellow" успешно взята из "Deck"
2025-09-12 17:04:11.381 +03:00 [INF] Карта "Swimmer", "Yellow" успешно добавлена в руку игрока first
2025-09-12 17:04:11.381 +03:00 [INF] Карта "Octopus", "Teal" успешно взята из "Deck"
2025-09-12 17:04:11.381 +03:00 [INF] Карта "Octopus", "Teal" успешно добавлена в "Discard2"
2025-09-12 17:04:11.381 +03:00 [INF] Сохранение игры
2025-09-12 17:04:11.428 +03:00 [INF] Действие хода игрока first завершено
2025-09-12 17:04:12.355 +03:00 [INF] Игрок first завершает ход и передает его следующему игроку
2025-09-12 17:04:12.356 +03:00 [INF] Сохранение игры
2025-09-12 17:04:15.026 +03:00 [INF] Игрок second делает ход: берет карту из Discard1 (card_id=0, discard="Deck")
2025-09-12 17:04:15.026 +03:00 [INF] Карта "Crab", "Blue" успешно взята из "Discard1"
2025-09-12 17:04:15.026 +03:00 [INF] Карта "Crab", "Blue" успешно добавлена в руку игрока second
2025-09-12 17:04:15.026 +03:00 [INF] Сохранение игры
2025-09-12 17:04:15.060 +03:00 [INF] Действие хода игрока second завершено
2025-09-12 17:06:43.376 +03:00 [INF] Загрузка сохраненной игры
2025-09-12 17:06:43.447 +03:00 [INF] Загрузка данных об игре
2025-09-12 17:06:56.193 +03:00 [INF] Игрок second играет карты "Crab", "Teal" и "Crab", "Blue"
2025-09-12 17:06:56.196 +03:00 [INF] Карта "Shell", "Gray" успешно взята из "Discard2"
2025-09-12 17:06:56.196 +03:00 [INF] Карта "Shell", "Gray" успешно добавлена в руку игрока second
2025-09-12 17:06:56.197 +03:00 [INF] Карта "Crab", "Blue" успешно перемещена из руки игрока second в сыгранные им карты на столе
2025-09-12 17:06:56.197 +03:00 [INF] Карта "Crab", "Teal" успешно перемещена из руки игрока second в сыгранные им карты на столе
2025-09-12 17:06:56.197 +03:00 [INF] Сохранение игры
2025-09-12 17:06:56.496 +03:00 [INF] Розыгрыш карт игроком second успешно закончен
2025-09-12 17:09:01.533 +03:00 [INF] Загрузка сохраненной игры
2025-09-12 17:09:01.687 +03:00 [INF] Загрузка данных об игре
2025-09-12 17:09:10.652 +03:00 [INF] Игрок second делает ход: берет карту из Discard2 (card_id=0, discard="Deck")
2025-09-12 17:09:10.658 +03:00 [INF] Карта "Octopus", "Teal" успешно взята из "Discard2"
2025-09-12 17:09:10.658 +03:00 [INF] Карта "Octopus", "Teal" успешно добавлена в руку игрока second
2025-09-12 17:09:10.659 +03:00 [INF] Сохранение игры
2025-09-12 17:09:10.996 +03:00 [INF] Действие хода игрока second завершено
2025-09-12 17:09:12.134 +03:00 [INF] Игрок second завершает ход и передает его следующему игроку
2025-09-12 17:09:12.135 +03:00 [INF] Сохранение игры
2025-09-12 17:09:20.294 +03:00 [INF] Игрок third делает ход: берет карту из Deck (card_id=1, discard="Discard1")
2025-09-12 17:09:20.295 +03:00 [INF] Карта "Sailor", "Orange" успешно взята из "Deck"
2025-09-12 17:09:20.295 +03:00 [INF] Карта "Sailor", "Orange" успешно добавлена в "Discard1"
2025-09-12 17:09:20.295 +03:00 [INF] Карта "Boat", "Black" успешно взята из "Deck"
2025-09-12 17:09:20.295 +03:00 [INF] Карта "Boat", "Black" успешно добавлена в руку игрока third
2025-09-12 17:09:20.295 +03:00 [INF] Сохранение игры
2025-09-12 17:09:20.344 +03:00 [INF] Действие хода игрока third завершено
2025-09-12 17:09:22.359 +03:00 [INF] Игрок third завершает ход и передает его следующему игроку
2025-09-12 17:09:22.359 +03:00 [INF] Сохранение игры
2025-09-12 17:09:26.261 +03:00 [INF] Игрок forth делает ход: берет карту из Deck (card_id=1, discard="Discard2")
2025-09-12 17:09:26.261 +03:00 [INF] Карта "Fish", "Teal" успешно взята из "Deck"
2025-09-12 17:09:26.261 +03:00 [INF] Карта "Fish", "Teal" успешно добавлена в "Discard2"
2025-09-12 17:09:26.262 +03:00 [INF] Карта "Mermaid", "None" успешно взята из "Deck"
2025-09-12 17:09:26.262 +03:00 [INF] Карта "Mermaid", "None" успешно добавлена в руку игрока forth
2025-09-12 17:09:26.262 +03:00 [INF] Сохранение игры
2025-09-12 17:09:26.288 +03:00 [INF] Действие хода игрока forth завершено
2025-09-12 17:09:27.211 +03:00 [INF] Игрок forth завершает ход и передает его следующему игроку
2025-09-12 17:09:27.211 +03:00 [INF] Сохранение игры
2025-09-12 17:09:29.926 +03:00 [INF] Игрок first делает ход: берет карту из Deck (card_id=1, discard="Discard1")
2025-09-12 17:09:29.926 +03:00 [INF] Карта "Mermaid", "None" успешно взята из "Deck"
2025-09-12 17:09:29.926 +03:00 [INF] Карта "Mermaid", "None" успешно добавлена в "Discard1"
2025-09-12 17:09:29.926 +03:00 [INF] Карта "Penguin", "Purple" успешно взята из "Deck"
2025-09-12 17:09:29.926 +03:00 [INF] Карта "Penguin", "Purple" успешно добавлена в руку игрока first
2025-09-12 17:09:29.926 +03:00 [INF] Сохранение игры
2025-09-12 17:09:30.261 +03:00 [INF] Действие хода игрока first завершено
2025-09-12 17:09:32.699 +03:00 [INF] Игрок first завершает ход и передает его следующему игроку
2025-09-12 17:09:32.699 +03:00 [INF] Сохранение игры
2025-09-12 17:09:35.977 +03:00 [INF] Игрок second делает ход: берет карту из Deck (card_id=0, discard="Discard2")
2025-09-12 17:09:35.978 +03:00 [INF] Карта "Crab", "Teal" успешно взята из "Deck"
2025-09-12 17:09:35.978 +03:00 [INF] Карта "Crab", "Teal" успешно добавлена в руку игрока second
2025-09-12 17:09:35.978 +03:00 [INF] Карта "Boat", "Blue" успешно взята из "Deck"
2025-09-12 17:09:35.978 +03:00 [INF] Карта "Boat", "Blue" успешно добавлена в "Discard2"
2025-09-12 17:09:35.978 +03:00 [INF] Сохранение игры
2025-09-12 17:09:36.016 +03:00 [INF] Действие хода игрока second завершено
2025-09-12 17:09:36.874 +03:00 [INF] Игрок second завершает ход и передает его следующему игроку
2025-09-12 17:09:36.875 +03:00 [INF] Сохранение игры
2025-09-12 17:09:39.678 +03:00 [INF] Игрок third делает ход: берет карту из Deck (card_id=1, discard="Discard1")
2025-09-12 17:09:39.678 +03:00 [INF] Карта "Octopus", "Yellow" успешно взята из "Deck"
2025-09-12 17:09:39.678 +03:00 [INF] Карта "Octopus", "Yellow" успешно добавлена в "Discard1"
2025-09-12 17:09:39.678 +03:00 [INF] Карта "Fish", "Green" успешно взята из "Deck"
2025-09-12 17:09:39.678 +03:00 [INF] Карта "Fish", "Green" успешно добавлена в руку игрока third
2025-09-12 17:09:39.678 +03:00 [INF] Сохранение игры
2025-09-12 17:09:39.706 +03:00 [INF] Действие хода игрока third завершено
2025-09-12 17:09:40.307 +03:00 [INF] Игрок third завершает ход и передает его следующему игроку
2025-09-12 17:09:40.307 +03:00 [INF] Сохранение игры
2025-09-12 17:09:43.404 +03:00 [INF] Игрок forth делает ход: берет карту из Deck (card_id=0, discard="Discard2")
2025-09-12 17:09:43.404 +03:00 [INF] Карта "Shark", "Purple" успешно взята из "Deck"
2025-09-12 17:09:43.404 +03:00 [INF] Карта "Shark", "Purple" успешно добавлена в руку игрока forth
2025-09-12 17:09:43.404 +03:00 [INF] Карта "Crab", "Yellow" успешно взята из "Deck"
2025-09-12 17:09:43.404 +03:00 [INF] Карта "Crab", "Yellow" успешно добавлена в "Discard2"
2025-09-12 17:09:43.404 +03:00 [INF] Сохранение игры
2025-09-12 17:09:43.610 +03:00 [INF] Действие хода игрока forth завершено
2025-09-12 17:09:44.425 +03:00 [INF] Игрок forth завершает ход и передает его следующему игроку
2025-09-12 17:09:44.425 +03:00 [INF] Сохранение игры
2025-09-12 17:09:51.075 +03:00 [INF] Игрок first делает ход: берет карту из Deck (card_id=1, discard="Discard1")
2025-09-12 17:09:51.075 +03:00 [INF] Карта "Crab", "Blue" успешно взята из "Deck"
2025-09-12 17:09:51.075 +03:00 [INF] Карта "Crab", "Blue" успешно добавлена в "Discard1"
2025-09-12 17:09:51.075 +03:00 [INF] Карта "Fish", "Yellow" успешно взята из "Deck"
2025-09-12 17:09:51.075 +03:00 [INF] Карта "Fish", "Yellow" успешно добавлена в руку игрока first
2025-09-12 17:09:51.075 +03:00 [INF] Сохранение игры
2025-09-12 17:09:51.311 +03:00 [INF] Действие хода игрока first завершено
2025-09-12 17:09:52.213 +03:00 [INF] Игрок first завершает ход и передает его следующему игроку
2025-09-12 17:09:52.214 +03:00 [INF] Сохранение игры
2025-09-12 17:09:55.932 +03:00 [INF] Игрок second делает ход: берет карту из Discard1 (card_id=0, discard="Deck")
2025-09-12 17:09:55.932 +03:00 [INF] Карта "Crab", "Blue" успешно взята из "Discard1"
2025-09-12 17:09:55.932 +03:00 [INF] Карта "Crab", "Blue" успешно добавлена в руку игрока second
2025-09-12 17:09:55.932 +03:00 [INF] Сохранение игры
2025-09-12 17:09:55.967 +03:00 [INF] Действие хода игрока second завершено
2025-09-12 17:10:04.786 +03:00 [INF] Игрок second играет карты "Crab", "Teal" и "Crab", "Blue"
2025-09-12 17:10:04.787 +03:00 [INF] Карта "Mermaid", "None" успешно взята из "Discard1"
2025-09-12 17:10:04.787 +03:00 [INF] Карта "Mermaid", "None" успешно добавлена в руку игрока second
2025-09-12 17:10:04.788 +03:00 [INF] Карта "Crab", "Blue" успешно перемещена из руки игрока second в сыгранные им карты на столе
2025-09-12 17:10:04.788 +03:00 [INF] Карта "Crab", "Teal" успешно перемещена из руки игрока second в сыгранные им карты на столе
2025-09-12 17:10:04.788 +03:00 [INF] Сохранение игры
2025-09-12 17:10:04.833 +03:00 [INF] Розыгрыш карт игроком second успешно закончен
2025-09-12 17:10:09.853 +03:00 [INF] Игрок second завершает ход и передает его следующему игроку
2025-09-12 17:10:09.853 +03:00 [INF] Сохранение игры
2025-09-12 17:10:19.301 +03:00 [INF] Игрок third делает ход: берет карту из Deck (card_id=1, discard="Discard1")
2025-09-12 17:10:19.301 +03:00 [INF] Карта "Penguin", "Peach" успешно взята из "Deck"
2025-09-12 17:10:19.301 +03:00 [INF] Карта "Penguin", "Peach" успешно добавлена в "Discard1"
2025-09-12 17:10:19.301 +03:00 [INF] Карта "BoatMult", "Purple" успешно взята из "Deck"
2025-09-12 17:10:19.301 +03:00 [INF] Карта "BoatMult", "Purple" успешно добавлена в руку игрока third
2025-09-12 17:10:19.301 +03:00 [INF] Сохранение игры
2025-09-12 17:10:19.374 +03:00 [INF] Действие хода игрока third завершено
2025-09-12 17:27:15.515 +03:00 [INF] Старт новой игры для 3 игроков
2025-09-12 17:27:15.618 +03:00 [INF] Сохранение игры
2025-09-12 17:27:16.360 +03:00 [INF] Игра успешно инициализирована
2025-09-12 17:28:12.843 +03:00 [INF] Игрок first делает ход: берет карту из Deck (card_id=0, discard="Discard1")
2025-09-12 17:28:12.847 +03:00 [INF] Карта "Shark", "Purple" успешно взята из "Deck"
2025-09-12 17:28:12.848 +03:00 [INF] Карта "Shark", "Purple" успешно добавлена в руку игрока first
2025-09-12 17:28:12.849 +03:00 [INF] Карта "Swimmer", "Blue" успешно взята из "Deck"
2025-09-12 17:28:12.850 +03:00 [INF] Карта "Swimmer", "Blue" успешно добавлена в "Discard1"
2025-09-12 17:28:12.851 +03:00 [INF] Сохранение игры
2025-09-12 17:28:12.945 +03:00 [INF] Действие хода игрока first завершено
2025-09-12 17:28:24.239 +03:00 [INF] Игрок first завершает ход и передает его следующему игроку
2025-09-12 17:28:24.240 +03:00 [INF] Сохранение игры
2025-09-12 17:28:34.009 +03:00 [INF] Игра завершается, начинается определение результатов партии
2025-09-12 17:28:34.020 +03:00 [INF] Игра окончена: по желанию игрока second
2025-09-12 17:29:55.722 +03:00 [INF] Старт новой игры для 2 игроков
2025-09-12 17:29:55.774 +03:00 [INF] Сохранение игры
2025-09-12 17:29:56.538 +03:00 [INF] Игра успешно инициализирована
2025-09-12 17:30:23.584 +03:00 [INF] Игрок first делает ход: берет карту из Deck (card_id=1, discard="Discard2")
2025-09-12 17:30:23.589 +03:00 [INF] Карта "Shell", "Yellow" успешно взята из "Deck"
2025-09-12 17:30:23.590 +03:00 [INF] Карта "Shell", "Yellow" успешно добавлена в "Discard2"
2025-09-12 17:30:23.590 +03:00 [INF] Карта "Boat", "Black" успешно взята из "Deck"
2025-09-12 17:30:23.590 +03:00 [INF] Карта "Boat", "Black" успешно добавлена в руку игрока first
2025-09-12 17:30:23.590 +03:00 [INF] Сохранение игры
2025-09-12 17:30:23.656 +03:00 [INF] Действие хода игрока first завершено
2025-09-12 17:30:41.979 +03:00 [INF] Игрок first завершает ход и передает его следующему игроку
2025-09-12 17:30:41.979 +03:00 [INF] Сохранение игры
2025-09-12 17:30:47.399 +03:00 [INF] Игра завершается, начинается определение результатов партии
2025-09-12 17:30:47.406 +03:00 [INF] Игра окончена: по желанию игрока second
