2025-10-09 19:41:15.475 +03:00 [INF] Старт новой игры для 4 игроков
2025-10-09 19:41:15.669 +03:00 [INF] Сохранение игры
2025-10-09 19:41:16.632 +03:00 [INF] Игра успешно инициализирована
2025-10-09 19:41:50.459 +03:00 [INF] Игрок первый делает ход: берет карту из Deck (card_id=0, discard="Discard1")
2025-10-09 19:41:50.470 +03:00 [INF] Карта "Boat", "Teal" успешно взята из "Deck"
2025-10-09 19:41:50.471 +03:00 [INF] Карта "Boat", "Teal" успешно добавлена в руку игрока первый
2025-10-09 19:41:50.471 +03:00 [INF] Карта "Shell", "Teal" успешно взята из "Deck"
2025-10-09 19:41:50.472 +03:00 [INF] Карта "Shell", "Teal" успешно добавлена в "Discard1"
2025-10-09 19:41:50.472 +03:00 [INF] Сохранение игры
2025-10-09 19:41:50.544 +03:00 [INF] Действие хода игрока первый завершено
2025-10-09 19:41:52.318 +03:00 [INF] Игрок первый завершает ход и передает его следующему игроку
2025-10-09 19:41:52.318 +03:00 [INF] Сохранение игры
2025-10-09 19:41:56.855 +03:00 [INF] Игрок второй делает ход: берет карту из Deck (card_id=1, discard="Discard2")
2025-10-09 19:41:56.855 +03:00 [INF] Карта "Boat", "Black" успешно взята из "Deck"
2025-10-09 19:41:56.855 +03:00 [INF] Карта "Boat", "Black" успешно добавлена в "Discard2"
2025-10-09 19:41:56.855 +03:00 [INF] Карта "Crab", "Teal" успешно взята из "Deck"
2025-10-09 19:41:56.856 +03:00 [INF] Карта "Crab", "Teal" успешно добавлена в руку игрока второй
2025-10-09 19:41:56.856 +03:00 [INF] Сохранение игры
2025-10-09 19:41:56.885 +03:00 [INF] Действие хода игрока второй завершено
2025-10-09 19:41:58.148 +03:00 [INF] Игрок второй завершает ход и передает его следующему игроку
2025-10-09 19:41:58.149 +03:00 [INF] Сохранение игры
2025-10-09 19:42:02.505 +03:00 [INF] Игрок третий делает ход: берет карту из Deck (card_id=1, discard="Discard2")
2025-10-09 19:42:02.506 +03:00 [INF] Карта "SailorMult", "Peach" успешно взята из "Deck"
2025-10-09 19:42:02.506 +03:00 [INF] Карта "SailorMult", "Peach" успешно добавлена в "Discard2"
2025-10-09 19:42:02.506 +03:00 [INF] Карта "Swimmer", "Peach" успешно взята из "Deck"
2025-10-09 19:42:02.506 +03:00 [INF] Карта "Swimmer", "Peach" успешно добавлена в руку игрока третий
2025-10-09 19:42:02.506 +03:00 [INF] Сохранение игры
2025-10-09 19:42:02.521 +03:00 [INF] Действие хода игрока третий завершено
2025-10-09 19:42:03.555 +03:00 [INF] Игрок третий завершает ход и передает его следующему игроку
2025-10-09 19:42:03.555 +03:00 [INF] Сохранение игры
2025-10-09 19:42:07.742 +03:00 [INF] Игрок четвертый делает ход: берет карту из Deck (card_id=1, discard="Discard2")
2025-10-09 19:42:07.742 +03:00 [INF] Карта "Boat", "Blue" успешно взята из "Deck"
2025-10-09 19:42:07.742 +03:00 [INF] Карта "Boat", "Blue" успешно добавлена в "Discard2"
2025-10-09 19:42:07.743 +03:00 [INF] Карта "Fish", "Blue" успешно взята из "Deck"
2025-10-09 19:42:07.743 +03:00 [INF] Карта "Fish", "Blue" успешно добавлена в руку игрока четвертый
2025-10-09 19:42:07.743 +03:00 [INF] Сохранение игры
2025-10-09 19:42:07.770 +03:00 [INF] Действие хода игрока четвертый завершено
2025-10-09 19:42:09.021 +03:00 [INF] Игрок четвертый завершает ход и передает его следующему игроку
2025-10-09 19:42:09.022 +03:00 [INF] Сохранение игры
2025-10-09 19:42:13.940 +03:00 [INF] Игрок первый делает ход: берет карту из Discard2 (card_id=0, discard="Deck")
2025-10-09 19:42:13.940 +03:00 [INF] Карта "Boat", "Blue" успешно взята из "Discard2"
2025-10-09 19:42:13.940 +03:00 [INF] Карта "Boat", "Blue" успешно добавлена в руку игрока первый
2025-10-09 19:42:13.940 +03:00 [INF] Сохранение игры
2025-10-09 19:42:13.956 +03:00 [INF] Действие хода игрока первый завершено
2025-10-09 19:42:14.823 +03:00 [INF] Игрок первый завершает ход и передает его следующему игроку
2025-10-09 19:42:14.823 +03:00 [INF] Сохранение игры
2025-10-09 19:42:23.011 +03:00 [INF] Игрок второй делает ход: берет карту из Deck (card_id=0, discard="Discard1")
2025-10-09 19:42:23.011 +03:00 [INF] Карта "Shell", "Blue" успешно взята из "Deck"
2025-10-09 19:42:23.011 +03:00 [INF] Карта "Shell", "Blue" успешно добавлена в руку игрока второй
2025-10-09 19:42:23.011 +03:00 [INF] Карта "Fish", "Teal" успешно взята из "Deck"
2025-10-09 19:42:23.011 +03:00 [INF] Карта "Fish", "Teal" успешно добавлена в "Discard1"
2025-10-09 19:42:23.011 +03:00 [INF] Сохранение игры
2025-10-09 19:42:23.028 +03:00 [INF] Действие хода игрока второй завершено
2025-10-09 19:42:24.135 +03:00 [INF] Игрок второй завершает ход и передает его следующему игроку
2025-10-09 19:42:24.135 +03:00 [INF] Сохранение игры
2025-10-09 19:42:34.991 +03:00 [INF] Игрок третий завершает ход и передает его следующему игроку
2025-10-09 19:42:35.009 +03:00 [INF] Сохранение игры
2025-10-09 19:42:42.855 +03:00 [INF] Игрок четвертый делает ход: берет карту из Discard1 (card_id=0, discard="Deck")
2025-10-09 19:42:42.856 +03:00 [INF] Карта "Fish", "Teal" успешно взята из "Discard1"
2025-10-09 19:42:42.856 +03:00 [INF] Карта "Fish", "Teal" успешно добавлена в руку игрока четвертый
2025-10-09 19:42:42.856 +03:00 [INF] Сохранение игры
2025-10-09 19:42:42.881 +03:00 [INF] Действие хода игрока четвертый завершено
2025-10-09 19:42:53.224 +03:00 [INF] Игрок четвертый играет карты "Fish", "Blue" и "Fish", "Teal"
2025-10-09 19:42:53.224 +03:00 [INF] Карта "Mermaid", "None" успешно взята из "Deck"
2025-10-09 19:42:53.224 +03:00 [INF] Карта "Mermaid", "None" успешно добавлена в руку игрока четвертый
2025-10-09 19:42:53.225 +03:00 [INF] Карта "Fish", "Teal" успешно перемещена из руки игрока четвертый в сыгранные им карты на столе
2025-10-09 19:42:53.225 +03:00 [INF] Карта "Fish", "Blue" успешно перемещена из руки игрока четвертый в сыгранные им карты на столе
2025-10-09 19:42:53.225 +03:00 [INF] Сохранение игры
2025-10-09 19:42:53.237 +03:00 [INF] Розыгрыш карт игроком четвертый успешно закончен
2025-10-09 19:43:00.246 +03:00 [INF] Игрок четвертый завершает ход и передает его следующему игроку
2025-10-09 19:43:00.246 +03:00 [INF] Сохранение игры
2025-10-09 19:43:07.566 +03:00 [INF] Игрок первый делает ход: берет карту из Deck (card_id=0, discard="Discard1")
2025-10-09 19:43:07.568 +03:00 [INF] Карта "Crab", "Blue" успешно взята из "Deck"
2025-10-09 19:43:07.568 +03:00 [INF] Карта "Crab", "Blue" успешно добавлена в руку игрока первый
2025-10-09 19:43:07.568 +03:00 [INF] Карта "Crab", "Yellow" успешно взята из "Deck"
2025-10-09 19:43:07.568 +03:00 [INF] Карта "Crab", "Yellow" успешно добавлена в "Discard1"
2025-10-09 19:43:07.568 +03:00 [INF] Сохранение игры
2025-10-09 19:43:07.582 +03:00 [INF] Действие хода игрока первый завершено
